Array
(
    [BLOCK_TDL_CODE] => 00001870-TDL-ORI-01-20150115-00002-zkPXQ
    [WERKS] => 4421
    [AFD_CODE] => D
    [BLOCK_CODE] => 078
    [PRIORITY_CODE] => 1
    [SUBJECT] => 6
    [DESCRIPTION] => gawangan semak
    [DUE_DATE] => 17-Feb-2015
    [STATUS] => NEW
    [USER_LONG] => 111.34650017
    [USER_LAT] => -2.29988436
    [BLOCK_INSPECT_CODE] => 00001870-INS-ORI-01-20150115-00001-5nHtZ
    [DATE_TIME] => 15-Jan-2015 00:57:35
    [INSERT_USER] => 00001870
    [INSERT_TIME] => 15-Jan-2015 00:57:35
    [UPDATE_USER] => 00001870
    [UPDATE_TIME] => 15-Jan-2015 00:58:46
    [TR_CODE0] => 00001870-TDL-ORI-01-20150115-00002-zkPXQ
    [CREATED_TIME0] => 15-Jan-2015 00:58:46
    [CREATED_USER0] => 00001870
    [TR_TYPE0] => TDL_BLOCK
    [IMAGE_NAME0] => IMG-00001870-TDL-ORI-01-20150115-00002-zkPXQ-125754
    [PERCENTAGE_PROGRESS0] => 0
    [REMARKS0] => spot spraying 
    [INSERT_USER0] => 00001870
    [INSERT_TIME0] => 15-Jan-2015 00:58:46
    [UPDATE_USER0] => 00001870
    [UPDATE_TIME0] => 15-Jan-2015 00:58:46
    [NIK] => 00001870
    [DEVICE_ID] => 00000000-1480-789d-ffff-fffff090ef8a
    [TOTAL_DETAIL] => 1
)
