Array
(
    [BLOCK_TDL_CODE] => 00001870-TDL-ORI-01-20150115-00003-wFI3H
    [WERKS] => 4421
    [AFD_CODE] => D
    [BLOCK_CODE] => 078
    [PRIORITY_CODE] => 1
    [SUBJECT] => 6
    [DESCRIPTION] => anak kayu di gawangan
    [DUE_DATE] => 15-Feb-2015
    [STATUS] => NEW
    [USER_LONG] => 111.34632914
    [USER_LAT] => -2.2998814
    [BLOCK_INSPECT_CODE] => 00001870-INS-ORI-01-20150115-00001-5nHtZ
    [DATE_TIME] => 15-Jan-2015 00:59:42
    [INSERT_USER] => 00001870
    [INSERT_TIME] => 15-Jan-2015 00:59:42
    [UPDATE_USER] => 00001870
    [UPDATE_TIME] => 15-Jan-2015 01:00:51
    [TR_CODE0] => 00001870-TDL-ORI-01-20150115-00003-wFI3H
    [CREATED_TIME0] => 15-Jan-2015 01:00:51
    [CREATED_USER0] => 00001870
    [TR_TYPE0] => TDL_BLOCK
    [IMAGE_NAME0] => IMG-00001870-TDL-ORI-01-20150115-00003-wFI3H-010021
    [PERCENTAGE_PROGRESS0] => 0
    [REMARKS0] => oles anak kayu
    [INSERT_USER0] => 00001870
    [INSERT_TIME0] => 15-Jan-2015 01:00:51
    [UPDATE_USER0] => 00001870
    [UPDATE_TIME0] => 15-Jan-2015 01:00:51
    [NIK] => 00001870
    [DEVICE_ID] => 00000000-1480-789d-ffff-fffff090ef8a
    [TOTAL_DETAIL] => 1
)
